#
# There is insufficient memory for the Java Runtime Environment to continue.
# Native memory allocation (malloc) failed to allocate 32744 bytes for ChunkPool::allocate
# Possible reasons:
#   The system is out of physical RAM or swap space
#   The process is running with CompressedOops enabled, and the Java Heap may be blocking the growth of the native heap
# Possible solutions:
#   Reduce memory load on the system
#   Increase physical memory or swap space
#   Check if swap backing store is full
#   Decrease Java heap size (-Xmx/-Xms)
#   Decrease number of Java threads
#   Decrease Java thread stack sizes (-Xss)
#   Set larger code cache with -XX:ReservedCodeCacheSize=
#   JVM is running with Unscaled Compressed Oops mode in which the Java heap is
#     placed in the first 4GB address space. The Java Heap base address is the
#     maximum limit for the native heap growth. Please use -XX:HeapBaseMinAddress
#     to set the Java Heap base and to place the Java Heap above 4GB virtual address.
# This output file may be truncated or incomplete.
#
#  Out of Memory Error (./open/src/hotspot/share/memory/arena.cpp:81), pid=32296, tid=32040
#
# JRE version: Java(TM) SE Runtime Environment 18.9 (11.0.10+8) (build 11.0.10+8-LTS-162)
# Java VM: Java HotSpot(TM) 64-Bit Server VM 18.9 (11.0.10+8-LTS-162, mixed mode, tiered, compressed oops, g1 gc, windows-amd64)
# No core dump will be written. Minidumps are not enabled by default on client versions of Windows
#

---------------  S U M M A R Y ------------

Command Line: --add-opens=java.base/java.util=ALL-UNNAMED --add-opens=java.base/java.lang=ALL-UNNAMED --add-opens=java.base/java.lang.invoke=ALL-UNNAMED --add-opens=java.prefs/java.util.prefs=ALL-UNNAMED -XX:MaxMetaspaceSize=256m -XX:+HeapDumpOnOutOfMemoryError -Xmx512m -Dfile.encoding=windows-1252 -Duser.country=CO -Duser.language=es -Duser.variant org.gradle.launcher.daemon.bootstrap.GradleDaemon 5.2.1

Host: Intel(R) Core(TM) i7-6500U CPU @ 2.50GHz, 4 cores, 15G,  Windows 10 , 64 bit Build 19041 (10.0.19041.662)
Time: Tue Dec 28 18:26:08 2021 Hora est. Pacífico, Sudamérica elapsed time: 75.467954 seconds (0d 0h 1m 15s)

---------------  T H R E A D  ---------------

Current thread (0x00000271fcdb4800):  JavaThread "C2 CompilerThread0" daemon [_thread_in_native, id=32040, stack(0x0000007221f00000,0x0000007222000000)]


Current CompileTask:
C2:  75468 7979       4       javax.management.ObjectName::construct (1135 bytes)

Stack: [0x0000007221f00000,0x0000007222000000]
Native frames: (J=compiled Java code, j=interpreted, Vv=VM code, C=native code)
V  [jvm.dll+0x613e6a]
V  [jvm.dll+0x74c1ff]
V  [jvm.dll+0x74d885]
V  [jvm.dll+0x74df03]
V  [jvm.dll+0x243b78]
V  [jvm.dll+0xba66b]
V  [jvm.dll+0xba43d]
V  [jvm.dll+0x5f449f]
V  [jvm.dll+0x643863]
V  [jvm.dll+0x19431d]
V  [jvm.dll+0x1fd4a2]
V  [jvm.dll+0x1fc54f]
V  [jvm.dll+0x17f09c]
V  [jvm.dll+0x20bbd4]
V  [jvm.dll+0x209cab]
V  [jvm.dll+0x713619]
V  [jvm.dll+0x70c314]
V  [jvm.dll+0x613036]
C  [ucrtbase.dll+0x214c2]
C  [KERNEL32.DLL+0x17034]
C  [ntdll.dll+0x4d0d1]


---------------  P R O C E S S  ---------------

Threads class SMR info:
_java_thread_list=0x0000027184f62b60, length=50, elements={
0x00000271e01d5000, 0x00000271fcd96000, 0x00000271fcda0000, 0x00000271fcdae800,
0x00000271fcdb2000, 0x00000271fcdb4800, 0x00000271fcdbc800, 0x00000271fcdbf800,
0x00000271fd88d800, 0x00000271fd8a0800, 0x00000271fe28d800, 0x00000271fe03a000,
0x00000271fe6ac000, 0x00000271ff4b9800, 0x00000271fe7ba000, 0x00000271ff144800,
0x00000271ff14a000, 0x00000271ff14e000, 0x00000271ff2e8000, 0x00000271ff160800,
0x000002718003d800, 0x000002718003e800, 0x000002718003a000, 0x000002718003b000,
0x000002718003c800, 0x0000027180038800, 0x000002718003f000, 0x00000271817b5000,
0x00000271817b4800, 0x00000271817b2800, 0x00000271817b3800, 0x00000271817b6000,
0x00000271817b0000, 0x00000271817b7000, 0x00000271817b1000, 0x00000271817bb800,
0x00000271817bd800, 0x00000271817bc800, 0x00000271817b7800, 0x00000271817be000,
0x00000271817b8800, 0x00000271817bf000, 0x00000271817ba000, 0x00000271817bb000,
0x0000027181ce5000, 0x0000027181ce5800, 0x0000027181ce7000, 0x0000027181ce8000,
0x0000027181ce9000, 0x0000027181ce3000
}

Java Threads: ( => current thread )
  0x00000271e01d5000 JavaThread "main" [_thread_blocked, id=33212, stack(0x0000007221400000,0x0000007221500000)]
  0x00000271fcd96000 JavaThread "Reference Handler" daemon [_thread_blocked, id=18716, stack(0x0000007221b00000,0x0000007221c00000)]
  0x00000271fcda0000 JavaThread "Finalizer" daemon [_thread_blocked, id=9440, stack(0x0000007221c00000,0x0000007221d00000)]
  0x00000271fcdae800 JavaThread "Signal Dispatcher" daemon [_thread_blocked, id=25940, stack(0x0000007221d00000,0x0000007221e00000)]
  0x00000271fcdb2000 JavaThread "Attach Listener" daemon [_thread_blocked, id=28512, stack(0x0000007221e00000,0x0000007221f00000)]
=>0x00000271fcdb4800 JavaThread "C2 CompilerThread0" daemon [_thread_in_native, id=32040, stack(0x0000007221f00000,0x0000007222000000)]
  0x00000271fcdbc800 JavaThread "C1 CompilerThread0" daemon [_thread_blocked, id=30228, stack(0x0000007222000000,0x0000007222100000)]
  0x00000271fcdbf800 JavaThread "Sweeper thread" daemon [_thread_blocked, id=25836, stack(0x0000007222100000,0x0000007222200000)]
  0x00000271fd88d800 JavaThread "Common-Cleaner" daemon [_thread_blocked, id=18900, stack(0x0000007222200000,0x0000007222300000)]
  0x00000271fd8a0800 JavaThread "Service Thread" daemon [_thread_blocked, id=27276, stack(0x0000007222300000,0x0000007222400000)]
  0x00000271fe28d800 JavaThread "Daemon health stats" [_thread_blocked, id=17660, stack(0x0000007222900000,0x0000007222a00000)]
  0x00000271fe03a000 JavaThread "Incoming local TCP Connector on port 56183" [_thread_in_native, id=10420, stack(0x0000007222800000,0x0000007222900000)]
  0x00000271fe6ac000 JavaThread "Daemon periodic checks" [_thread_blocked, id=25908, stack(0x0000007222a00000,0x0000007222b00000)]
  0x00000271ff4b9800 JavaThread "Daemon" [_thread_blocked, id=31476, stack(0x0000007222b00000,0x0000007222c00000)]
  0x00000271fe7ba000 JavaThread "Handler for socket connection from /127.0.0.1:56183 to /127.0.0.1:56184" [_thread_in_native, id=27248, stack(0x0000007222c00000,0x0000007222d00000)]
  0x00000271ff144800 JavaThread "Cancel handler" [_thread_blocked, id=15392, stack(0x0000007222d00000,0x0000007222e00000)]
  0x00000271ff14a000 JavaThread "Daemon worker" [_thread_blocked, id=31148, stack(0x0000007222e00000,0x0000007222f00000)]
  0x00000271ff14e000 JavaThread "Asynchronous log dispatcher for DefaultDaemonConnection: socket connection from /127.0.0.1:56183 to /127.0.0.1:56184" [_thread_blocked, id=12472, stack(0x0000007222f00000,0x0000007223000000)]
  0x00000271ff2e8000 JavaThread "Stdin handler" [_thread_blocked, id=25048, stack(0x0000007223000000,0x0000007223100000)]
  0x00000271ff160800 JavaThread "Thread-8" [_thread_blocked, id=27404, stack(0x0000007223100000,0x0000007223200000)]
  0x000002718003d800 JavaThread "Cache worker for file hash cache (C:\Users\mospinac\.gradle\caches\5.2.1\fileHashes)" [_thread_blocked, id=24756, stack(0x0000007223200000,0x0000007223300000)]
  0x000002718003e800 JavaThread "File lock request listener" [_thread_in_native, id=26720, stack(0x0000007223300000,0x0000007223400000)]
  0x000002718003a000 JavaThread "Cache worker for journal cache (C:\Users\mospinac\.gradle\caches\journal-1)" [_thread_blocked, id=30876, stack(0x0000007223400000,0x0000007223500000)]
  0x000002718003b000 JavaThread "Cache worker for file hash cache (C:\Users\mospinac\Desktop\Prueba\.gradle\5.2.1\fileHashes)" [_thread_blocked, id=25804, stack(0x0000007223600000,0x0000007223700000)]
  0x000002718003c800 JavaThread "Cache worker for cache directory md-supplier (C:\Users\mospinac\.gradle\caches\5.2.1\md-supplier)" [_thread_blocked, id=4560, stack(0x0000007223700000,0x0000007223800000)]
  0x0000027180038800 JavaThread "Cache worker for cache directory md-rule (C:\Users\mospinac\.gradle\caches\5.2.1\md-rule)" [_thread_blocked, id=6540, stack(0x0000007223800000,0x0000007223900000)]
  0x000002718003f000 JavaThread "Cache worker for execution history cache (C:\Users\mospinac\.gradle\caches\5.2.1\executionHistory)" [_thread_blocked, id=28868, stack(0x0000007223900000,0x0000007223a00000)]
  0x00000271817b5000 JavaThread "Build operations" [_thread_blocked, id=128, stack(0x0000007223a00000,0x0000007223b00000)]
  0x00000271817b4800 JavaThread "Build operations Thread 2" [_thread_blocked, id=20472, stack(0x0000007223b00000,0x0000007223c00000)]
  0x00000271817b2800 JavaThread "Build operations Thread 3" [_thread_blocked, id=6116, stack(0x0000007223c00000,0x0000007223d00000)]
  0x00000271817b3800 JavaThread "Build operations Thread 4" [_thread_blocked, id=30000, stack(0x0000007223d00000,0x0000007223e00000)]
  0x00000271817b6000 JavaThread "Cache worker for Build Output Cleanup Cache (C:\Users\mospinac\Desktop\Prueba\.gradle\buildOutputCleanup)" [_thread_blocked, id=31032, stack(0x0000007223e00000,0x0000007223f00000)]
  0x00000271817b0000 JavaThread "Memory manager" [_thread_blocked, id=26544, stack(0x0000007223f00000,0x0000007224000000)]
  0x00000271817b7000 JavaThread "Cache worker for file content cache (C:\Users\mospinac\.gradle\caches\5.2.1\fileContent)" [_thread_blocked, id=28968, stack(0x0000007224000000,0x0000007224100000)]
  0x00000271817b1000 JavaThread "Cache worker for file content cache (C:\Users\mospinac\Desktop\Prueba\.gradle\5.2.1\fileContent)" [_thread_blocked, id=32628, stack(0x0000007224100000,0x0000007224200000)]
  0x00000271817bb800 JavaThread "Execution worker for ':'" [_thread_blocked, id=14564, stack(0x0000007224200000,0x0000007224300000)]
  0x00000271817bd800 JavaThread "Execution worker for ':' Thread 2" [_thread_blocked, id=33192, stack(0x0000007224300000,0x0000007224400000)]
  0x00000271817bc800 JavaThread "Execution worker for ':' Thread 3" [_thread_blocked, id=29864, stack(0x0000007224400000,0x0000007224500000)]
  0x00000271817b7800 JavaThread "Cache worker for execution history cache (C:\Users\mospinac\Desktop\Prueba\.gradle\5.2.1\executionHistory)" [_thread_blocked, id=9396, stack(0x0000007224500000,0x0000007224600000)]
  0x00000271817be000 JavaThread "Dispatch org.gradle.api.internal.tasks.testing.results.AttachParentTestResultProcessor@6ce3507d" [_thread_blocked, id=13036, stack(0x0000007224600000,0x0000007224700000)]
  0x00000271817b8800 JavaThread "Dispatch org.gradle.api.internal.tasks.testing.processors.RestartEveryNTestClassProcessor@5115f244" [_thread_blocked, id=3228, stack(0x0000007223500000,0x0000007223600000)]
  0x00000271817bf000 JavaThread "Incoming local TCP Connector on port 56197" [_thread_blocked, id=1628, stack(0x0000007224700000,0x0000007224800000)]
  0x00000271817ba000 JavaThread "Exec process" [_thread_in_native, id=17804, stack(0x0000007224900000,0x0000007224a00000)]
  0x00000271817bb000 JavaThread "Exec process Thread 2" [_thread_blocked, id=28564, stack(0x0000007224b00000,0x0000007224c00000)]
  0x0000027181ce5000 JavaThread "Exec process Thread 3" [_thread_in_native, id=20612, stack(0x0000007224c00000,0x0000007224d00000)]
  0x0000027181ce5800 JavaThread "Exec process Thread 4" [_thread_in_native, id=20992, stack(0x0000007224d00000,0x0000007224e00000)]
  0x0000027181ce7000 JavaThread "/127.0.0.1:56197 to /127.0.0.1:56201 workers" [_thread_blocked, id=17316, stack(0x0000007224800000,0x0000007224900000)]
  0x0000027181ce8000 JavaThread "/127.0.0.1:56197 to /127.0.0.1:56201 workers Thread 2" [_thread_blocked, id=11316, stack(0x0000007224a00000,0x0000007224b00000)]
  0x0000027181ce9000 JavaThread "/127.0.0.1:56197 to /127.0.0.1:56201 workers Thread 3" [_thread_blocked, id=28904, stack(0x0000007224e00000,0x0000007224f00000)]
  0x0000027181ce3000 JavaThread "/127.0.0.1:56197 to /127.0.0.1:56201 workers Thread 4" [_thread_in_native, id=12784, stack(0x0000007224f00000,0x0000007225000000)]

Other Threads:
  0x00000271fcd6f800 VMThread "VM Thread" [stack: 0x0000007221a00000,0x0000007221b00000] [id=29764]
  0x00000271fd8e3800 WatcherThread [stack: 0x0000007222400000,0x0000007222500000] [id=7432]
  0x00000271e01ec000 GCTaskThread "GC Thread#0" [stack: 0x0000007221500000,0x0000007221600000] [id=12848]
  0x00000271fdeed800 GCTaskThread "GC Thread#1" [stack: 0x0000007222500000,0x0000007222600000] [id=30224]
  0x00000271fe01e000 GCTaskThread "GC Thread#2" [stack: 0x0000007222600000,0x0000007222700000] [id=31856]
  0x00000271fe040800 GCTaskThread "GC Thread#3" [stack: 0x0000007222700000,0x0000007222800000] [id=11780]
  0x00000271e01ff800 ConcurrentGCThread "G1 Main Marker" [stack: 0x0000007221600000,0x0000007221700000] [id=26148]
  0x00000271e0201000 ConcurrentGCThread "G1 Conc#0" [stack: 0x0000007221700000,0x0000007221800000] [id=2496]
  0x00000271fcc10800 ConcurrentGCThread "G1 Refine#0" [stack: 0x0000007221800000,0x0000007221900000] [id=23804]
  0x00000271e02bd800 ConcurrentGCThread "G1 Young RemSet Sampling" [stack: 0x0000007221900000,0x0000007221a00000] [id=27052]

Threads with active compile tasks:
C2 CompilerThread0  75520 7979       4       javax.management.ObjectName::construct (1135 bytes)

VM state:not at safepoint (normal execution)

VM Mutex/Monitor currently owned by a thread: None

Heap address: 0x00000000e0000000, size: 512 MB, Compressed Oops mode: 32-bit
Narrow klass base: 0x0000000000000000, Narrow klass shift: 3
Compressed class space size: 260046848 Address: 0x0000000100000000

Heap:
 garbage-first heap   total 253952K, used 129234K [0x00000000e0000000, 0x0000000100000000)
  region size 1024K, 90 young (92160K), 9 survivors (9216K)
 Metaspace       used 57205K, capacity 58517K, committed 58700K, reserved 305152K
  class space    used 7227K, capacity 7696K, committed 7756K, reserved 253952K
Heap Regions: E=young(eden), S=young(survivor), O=old, HS=humongous(starts), HC=humongous(continues), CS=collection set, F=free, A=archive, TAMS=top-at-mark-start (previous, next)
|   0|0x00000000e0000000, 0x00000000e0100000, 0x00000000e0100000|100%|HS|  |TAMS 0x00000000e0100000, 0x00000000e0000000| Complete 
|   1|0x00000000e0100000, 0x00000000e0200000, 0x00000000e0200000|100%|HS|  |TAMS 0x00000000e0200000, 0x00000000e0100000| Complete 
|   2|0x00000000e0200000, 0x00000000e0300000, 0x00000000e0300000|100%|HC|  |TAMS 0x00000000e0300000, 0x00000000e0200000| Complete 
|   3|0x00000000e0300000, 0x00000000e0400000, 0x00000000e0400000|100%| O|  |TAMS 0x00000000e0400000, 0x00000000e0300000| Untracked 
|   4|0x00000000e0400000, 0x00000000e0500000, 0x00000000e0500000|100%| O|  |TAMS 0x00000000e0500000, 0x00000000e0400000| Untracked 
|   5|0x00000000e0500000, 0x00000000e0600000, 0x00000000e0600000|100%| O|  |TAMS 0x00000000e0600000, 0x00000000e0500000| Untracked 
|   6|0x00000000e0600000, 0x00000000e0700000, 0x00000000e0700000|100%| O|  |TAMS 0x00000000e0700000, 0x00000000e0600000| Untracked 
|   7|0x00000000e0700000, 0x00000000e0800000, 0x00000000e0800000|100%| O|  |TAMS 0x00000000e0800000, 0x00000000e0700000| Untracked 
|   8|0x00000000e0800000, 0x00000000e0900000, 0x00000000e0900000|100%| O|  |TAMS 0x00000000e0900000, 0x00000000e0800000| Untracked 
|   9|0x00000000e0900000, 0x00000000e0a00000, 0x00000000e0a00000|100%| O|  |TAMS 0x00000000e0a00000, 0x00000000e0900000| Untracked 
|  10|0x00000000e0a00000, 0x00000000e0b00000, 0x00000000e0b00000|100%| O|  |TAMS 0x00000000e0b00000, 0x00000000e0a00000| Untracked 
|  11|0x00000000e0b00000, 0x00000000e0c00000, 0x00000000e0c00000|100%| O|  |TAMS 0x00000000e0c00000, 0x00000000e0b00000| Untracked 
|  12|0x00000000e0c00000, 0x00000000e0d00000, 0x00000000e0d00000|100%| O|  |TAMS 0x00000000e0d00000, 0x00000000e0c00000| Untracked 
|  13|0x00000000e0d00000, 0x00000000e0e00000, 0x00000000e0e00000|100%| O|  |TAMS 0x00000000e0e00000, 0x00000000e0d00000| Untracked 
|  14|0x00000000e0e00000, 0x00000000e0f00000, 0x00000000e0f00000|100%| O|  |TAMS 0x00000000e0ede000, 0x00000000e0e00000| Untracked 
|  15|0x00000000e0f00000, 0x00000000e1000000, 0x00000000e1000000|100%| O|  |TAMS 0x00000000e0f00000, 0x00000000e0f00000| Untracked 
|  16|0x00000000e1000000, 0x00000000e1100000, 0x00000000e1100000|100%| O|  |TAMS 0x00000000e1000000, 0x00000000e1000000| Untracked 
|  17|0x00000000e1100000, 0x00000000e1200000, 0x00000000e1200000|100%| O|  |TAMS 0x00000000e1100000, 0x00000000e1100000| Untracked 
|  18|0x00000000e1200000, 0x00000000e1300000, 0x00000000e1300000|100%| O|  |TAMS 0x00000000e1200000, 0x00000000e1200000| Untracked 
|  19|0x00000000e1300000, 0x00000000e1400000, 0x00000000e1400000|100%| O|  |TAMS 0x00000000e1300000, 0x00000000e1300000| Untracked 
|  20|0x00000000e1400000, 0x00000000e1500000, 0x00000000e1500000|100%|HS|  |TAMS 0x00000000e1400000, 0x00000000e1400000| Complete 
|  21|0x00000000e1500000, 0x00000000e1600000, 0x00000000e1600000|100%|HC|  |TAMS 0x00000000e1500000, 0x00000000e1500000| Complete 
|  22|0x00000000e1600000, 0x00000000e1700000, 0x00000000e1700000|100%| O|  |TAMS 0x00000000e1600000, 0x00000000e1600000| Untracked 
|  23|0x00000000e1700000, 0x00000000e1800000, 0x00000000e1800000|100%| O|  |TAMS 0x00000000e1700000, 0x00000000e1700000| Untracked 
|  24|0x00000000e1800000, 0x00000000e1900000, 0x00000000e1900000|100%| O|  |TAMS 0x00000000e1800000, 0x00000000e1800000| Untracked 
|  25|0x00000000e1900000, 0x00000000e1a00000, 0x00000000e1a00000|100%| O|  |TAMS 0x00000000e1900000, 0x00000000e1900000| Untracked 
|  26|0x00000000e1a00000, 0x00000000e1b00000, 0x00000000e1b00000|100%| O|  |TAMS 0x00000000e1a00000, 0x00000000e1a00000| Untracked 
|  27|0x00000000e1b00000, 0x00000000e1c00000, 0x00000000e1c00000|100%| O|  |TAMS 0x00000000e1b00000, 0x00000000e1b00000| Untracked 
|  28|0x00000000e1c00000, 0x00000000e1d00000, 0x00000000e1d00000|100%| O|  |TAMS 0x00000000e1c00000, 0x00000000e1c00000| Untracked 
|  29|0x00000000e1d00000, 0x00000000e1e00000, 0x00000000e1e00000|100%| O|  |TAMS 0x00000000e1d00000, 0x00000000e1d00000| Untracked 
|  30|0x00000000e1e00000, 0x00000000e1f00000, 0x00000000e1f00000|100%| O|  |TAMS 0x00000000e1e00000, 0x00000000e1e00000| Untracked 
|  31|0x00000000e1f00000, 0x00000000e2000000, 0x00000000e2000000|100%| O|  |TAMS 0x00000000e1f00000, 0x00000000e1f00000| Untracked 
|  32|0x00000000e2000000, 0x00000000e2100000, 0x00000000e2100000|100%| O|  |TAMS 0x00000000e2000000, 0x00000000e2000000| Untracked 
|  33|0x00000000e2100000, 0x00000000e2200000, 0x00000000e2200000|100%| O|  |TAMS 0x00000000e2100000, 0x00000000e2100000| Untracked 
|  34|0x00000000e2200000, 0x00000000e2300000, 0x00000000e2300000|100%| O|  |TAMS 0x00000000e2200000, 0x00000000e2200000| Untracked 
|  35|0x00000000e2300000, 0x00000000e23b7400, 0x00000000e2400000| 71%| O|  |TAMS 0x00000000e2300000, 0x00000000e2300000| Untracked 
|  36|0x00000000e2400000, 0x00000000e2500000, 0x00000000e2500000|100%|HS|  |TAMS 0x00000000e2400000, 0x00000000e2400000| Complete 
|  37|0x00000000e2500000, 0x00000000e2600000, 0x00000000e2600000|100%|HC|  |TAMS 0x00000000e2500000, 0x00000000e2500000| Complete 
|  38|0x00000000e2600000, 0x00000000e2600000, 0x00000000e2700000|  0%| F|  |TAMS 0x00000000e2600000, 0x00000000e2600000| Untracked 
|  39|0x00000000e2700000, 0x00000000e2700000, 0x00000000e2800000|  0%| F|  |TAMS 0x00000000e2700000, 0x00000000e2700000| Untracked 
|  40|0x00000000e2800000, 0x00000000e2800000, 0x00000000e2900000|  0%| F|  |TAMS 0x00000000e2800000, 0x00000000e2800000| Untracked 
|  41|0x00000000e2900000, 0x00000000e2900000, 0x00000000e2a00000|  0%| F|  |TAMS 0x00000000e2900000, 0x00000000e2900000| Untracked 
|  42|0x00000000e2a00000, 0x00000000e2a00000, 0x00000000e2b00000|  0%| F|  |TAMS 0x00000000e2a00000, 0x00000000e2a00000| Untracked 
|  43|0x00000000e2b00000, 0x00000000e2b00000, 0x00000000e2c00000|  0%| F|  |TAMS 0x00000000e2b00000, 0x00000000e2b00000| Untracked 
|  44|0x00000000e2c00000, 0x00000000e2c00000, 0x00000000e2d00000|  0%| F|  |TAMS 0x00000000e2c00000, 0x00000000e2c00000| Untracked 
|  45|0x00000000e2d00000, 0x00000000e2d00000, 0x00000000e2e00000|  0%| F|  |TAMS 0x00000000e2d00000, 0x00000000e2d00000| Untracked 
|  46|0x00000000e2e00000, 0x00000000e2e00000, 0x00000000e2f00000|  0%| F|  |TAMS 0x00000000e2e00000, 0x00000000e2e00000| Untracked 
|  47|0x00000000e2f00000, 0x00000000e2f00000, 0x00000000e3000000|  0%| F|  |TAMS 0x00000000e2f00000, 0x00000000e2f00000| Untracked 
|  48|0x00000000e3000000, 0x00000000e3000000, 0x00000000e3100000|  0%| F|  |TAMS 0x00000000e3000000, 0x00000000e3000000| Untracked 
|  49|0x00000000e3100000, 0x00000000e3100000, 0x00000000e3200000|  0%| F|  |TAMS 0x00000000e3100000, 0x00000000e3100000| Untracked 
|  50|0x00000000e3200000, 0x00000000e3200000, 0x00000000e3300000|  0%| F|  |TAMS 0x00000000e3200000, 0x00000000e3200000| Untracked 
|  51|0x00000000e3300000, 0x00000000e3300000, 0x00000000e3400000|  0%| F|  |TAMS 0x00000000e3300000, 0x00000000e3300000| Untracked 
|  52|0x00000000e3400000, 0x00000000e3400000, 0x00000000e3500000|  0%| F|  |TAMS 0x00000000e3400000, 0x00000000e3400000| Untracked 
|  53|0x00000000e3500000, 0x00000000e3500000, 0x00000000e3600000|  0%| F|  |TAMS 0x00000000e3500000, 0x00000000e3500000| Untracked 
|  54|0x00000000e3600000, 0x00000000e3600000, 0x00000000e3700000|  0%| F|  |TAMS 0x00000000e3600000, 0x00000000e3600000| Untracked 
|  55|0x00000000e3700000, 0x00000000e3700000, 0x00000000e3800000|  0%| F|  |TAMS 0x00000000e3700000, 0x00000000e3700000| Untracked 
|  56|0x00000000e3800000, 0x00000000e3800000, 0x00000000e3900000|  0%| F|  |TAMS 0x00000000e3800000, 0x00000000e3800000| Untracked 
|  57|0x00000000e3900000, 0x00000000e3900000, 0x00000000e3a00000|  0%| F|  |TAMS 0x00000000e3900000, 0x00000000e3900000| Untracked 
|  58|0x00000000e3a00000, 0x00000000e3a00000, 0x00000000e3b00000|  0%| F|  |TAMS 0x00000000e3a00000, 0x00000000e3a00000| Untracked 
|  59|0x00000000e3b00000, 0x00000000e3b00000, 0x00000000e3c00000|  0%| F|  |TAMS 0x00000000e3b00000, 0x00000000e3b00000| Untracked 
|  60|0x00000000e3c00000, 0x00000000e3c00000, 0x00000000e3d00000|  0%| F|  |TAMS 0x00000000e3c00000, 0x00000000e3c00000| Untracked 
|  61|0x00000000e3d00000, 0x00000000e3d00000, 0x00000000e3e00000|  0%| F|  |TAMS 0x00000000e3d00000, 0x00000000e3d00000| Untracked 
|  62|0x00000000e3e00000, 0x00000000e3e00000, 0x00000000e3f00000|  0%| F|  |TAMS 0x00000000e3e00000, 0x00000000e3e00000| Untracked 
|  63|0x00000000e3f00000, 0x00000000e3f00000, 0x00000000e4000000|  0%| F|  |TAMS 0x00000000e3f00000, 0x00000000e3f00000| Untracked 
|  64|0x00000000e4000000, 0x00000000e4000000, 0x00000000e4100000|  0%| F|  |TAMS 0x00000000e4000000, 0x00000000e4000000| Untracked 
|  65|0x00000000e4100000, 0x00000000e4100000, 0x00000000e4200000|  0%| F|  |TAMS 0x00000000e4100000, 0x00000000e4100000| Untracked 
|  66|0x00000000e4200000, 0x00000000e4200000, 0x00000000e4300000|  0%| F|  |TAMS 0x00000000e4200000, 0x00000000e4200000| Untracked 
|  67|0x00000000e4300000, 0x00000000e4300000, 0x00000000e4400000|  0%| F|  |TAMS 0x00000000e4300000, 0x00000000e4300000| Untracked 
|  68|0x00000000e4400000, 0x00000000e4400000, 0x00000000e4500000|  0%| F|  |TAMS 0x00000000e4400000, 0x00000000e4400000| Untracked 
|  69|0x00000000e4500000, 0x00000000e4500000, 0x00000000e4600000|  0%| F|  |TAMS 0x00000000e4500000, 0x00000000e4500000| Untracked 
|  70|0x00000000e4600000, 0x00000000e4600000, 0x00000000e4700000|  0%| F|  |TAMS 0x00000000e4600000, 0x00000000e4600000| Untracked 
|  71|0x00000000e4700000, 0x00000000e4700000, 0x00000000e4800000|  0%| F|  |TAMS 0x00000000e4700000, 0x00000000e4700000| Untracked 
|  72|0x00000000e4800000, 0x00000000e4800000, 0x00000000e4900000|  0%| F|  |TAMS 0x00000000e4800000, 0x00000000e4800000| Untracked 
|  73|0x00000000e4900000, 0x00000000e4900000, 0x00000000e4a00000|  0%| F|  |TAMS 0x00000000e4900000, 0x00000000e4900000| Untracked 
|  74|0x00000000e4a00000, 0x00000000e4a00000, 0x00000000e4b00000|  0%| F|  |TAMS 0x00000000e4a00000, 0x00000000e4a00000| Untracked 
|  75|0x00000000e4b00000, 0x00000000e4b00000, 0x00000000e4c00000|  0%| F|  |TAMS 0x00000000e4b00000, 0x00000000e4b00000| Untracked 
|  76|0x00000000e4c00000, 0x00000000e4c00000, 0x00000000e4d00000|  0%| F|  |TAMS 0x00000000e4c00000, 0x00000000e4c00000| Untracked 
|  77|0x00000000e4d00000, 0x00000000e4d00000, 0x00000000e4e00000|  0%| F|  |TAMS 0x00000000e4d00000, 0x00000000e4d00000| Untracked 
|  78|0x00000000e4e00000, 0x00000000e4e00000, 0x00000000e4f00000|  0%| F|  |TAMS 0x00000000e4e00000, 0x00000000e4e00000| Untracked 
|  79|0x00000000e4f00000, 0x00000000e4f00000, 0x00000000e5000000|  0%| F|  |TAMS 0x00000000e4f00000, 0x00000000e4f00000| Untracked 
|  80|0x00000000e5000000, 0x00000000e5000000, 0x00000000e5100000|  0%| F|  |TAMS 0x00000000e5000000, 0x00000000e5000000| Untracked 
|  81|0x00000000e5100000, 0x00000000e5100000, 0x00000000e5200000|  0%| F|  |TAMS 0x00000000e5100000, 0x00000000e5100000| Untracked 
|  82|0x00000000e5200000, 0x00000000e5200000, 0x00000000e5300000|  0%| F|  |TAMS 0x00000000e5200000, 0x00000000e5200000| Untracked 
|  83|0x00000000e5300000, 0x00000000e5300000, 0x00000000e5400000|  0%| F|  |TAMS 0x00000000e5300000, 0x00000000e5300000| Untracked 
|  84|0x00000000e5400000, 0x00000000e5400000, 0x00000000e5500000|  0%| F|  |TAMS 0x00000000e5400000, 0x00000000e5400000| Untracked 
|  85|0x00000000e5500000, 0x00000000e5500000, 0x00000000e5600000|  0%| F|  |TAMS 0x00000000e5500000, 0x00000000e5500000| Untracked 
|  86|0x00000000e5600000, 0x00000000e5600000, 0x00000000e5700000|  0%| F|  |TAMS 0x00000000e5600000, 0x00000000e5600000| Untracked 
|  87|0x00000000e5700000, 0x00000000e5700000, 0x00000000e5800000|  0%| F|  |TAMS 0x00000000e5700000, 0x00000000e5700000| Untracked 
|  88|0x00000000e5800000, 0x00000000e5800000, 0x00000000e5900000|  0%| F|  |TAMS 0x00000000e5800000, 0x00000000e5800000| Untracked 
|  89|0x00000000e5900000, 0x00000000e5900000, 0x00000000e5a00000|  0%| F|  |TAMS 0x00000000e5900000, 0x00000000e5900000| Untracked 
|  90|0x00000000e5a00000, 0x00000000e5a00000, 0x00000000e5b00000|  0%| F|  |TAMS 0x00000000e5a00000, 0x00000000e5a00000| Untracked 
|  91|0x00000000e5b00000, 0x00000000e5b7d7c0, 0x00000000e5c00000| 49%| S|CS|TAMS 0x00000000e5b00000, 0x00000000e5b00000| Complete 
|  92|0x00000000e5c00000, 0x00000000e5d00000, 0x00000000e5d00000|100%| S|CS|TAMS 0x00000000e5c00000, 0x00000000e5c00000| Complete 
|  93|0x00000000e5d00000, 0x00000000e5e00000, 0x00000000e5e00000|100%| S|CS|TAMS 0x00000000e5d00000, 0x00000000e5d00000| Complete 
|  94|0x00000000e5e00000, 0x00000000e5f00000, 0x00000000e5f00000|100%| S|CS|TAMS 0x00000000e5e00000, 0x00000000e5e00000| Complete 
|  95|0x00000000e5f00000, 0x00000000e6000000, 0x00000000e6000000|100%| S|CS|TAMS 0x00000000e5f00000, 0x00000000e5f00000| Complete 
|  96|0x00000000e6000000, 0x00000000e6100000, 0x00000000e6100000|100%| S|CS|TAMS 0x00000000e6000000, 0x00000000e6000000| Complete 
|  97|0x00000000e6100000, 0x00000000e6200000, 0x00000000e6200000|100%| S|CS|TAMS 0x00000000e6100000, 0x00000000e6100000| Complete 
|  98|0x00000000e6200000, 0x00000000e6200000, 0x00000000e6300000|  0%| F|  |TAMS 0x00000000e6200000, 0x00000000e6200000| Untracked 
|  99|0x00000000e6300000, 0x00000000e6300000, 0x00000000e6400000|  0%| F|  |TAMS 0x00000000e6300000, 0x00000000e6300000| Untracked 
| 100|0x00000000e6400000, 0x00000000e6400000, 0x00000000e6500000|  0%| F|  |TAMS 0x00000000e6400000, 0x00000000e6400000| Untracked 
| 101|0x00000000e6500000, 0x00000000e6500000, 0x00000000e6600000|  0%| F|  |TAMS 0x00000000e6500000, 0x00000000e6500000| Untracked 
| 102|0x00000000e6600000, 0x00000000e6600000, 0x00000000e6700000|  0%| F|  |TAMS 0x00000000e6600000, 0x00000000e6600000| Untracked 
| 103|0x00000000e6700000, 0x00000000e6700000, 0x00000000e6800000|  0%| F|  |TAMS 0x00000000e6700000, 0x00000000e6700000| Untracked 
| 104|0x00000000e6800000, 0x00000000e6800000, 0x00000000e6900000|  0%| F|  |TAMS 0x00000000e6800000, 0x00000000e6800000| Untracked 
| 105|0x00000000e6900000, 0x00000000e6900000, 0x00000000e6a00000|  0%| F|  |TAMS 0x00000000e6900000, 0x00000000e6900000| Untracked 
| 106|0x00000000e6a00000, 0x00000000e6a00000, 0x00000000e6b00000|  0%| F|  |TAMS 0x00000000e6a00000, 0x00000000e6a00000| Untracked 
| 107|0x00000000e6b00000, 0x00000000e6b00000, 0x00000000e6c00000|  0%| F|  |TAMS 0x00000000e6b00000, 0x00000000e6b00000| Untracked 
| 108|0x00000000e6c00000, 0x00000000e6c00000, 0x00000000e6d00000|  0%| F|  |TAMS 0x00000000e6c00000, 0x00000000e6c00000| Untracked 
| 109|0x00000000e6d00000, 0x00000000e6d00000, 0x00000000e6e00000|  0%| F|  |TAMS 0x00000000e6d00000, 0x00000000e6d00000| Untracked 
| 110|0x00000000e6e00000, 0x00000000e6e00000, 0x00000000e6f00000|  0%| F|  |TAMS 0x00000000e6e00000, 0x00000000e6e00000| Untracked 
| 111|0x00000000e6f00000, 0x00000000e6f00000, 0x00000000e7000000|  0%| F|  |TAMS 0x00000000e6f00000, 0x00000000e6f00000| Untracked 
| 112|0x00000000e7000000, 0x00000000e7000000, 0x00000000e7100000|  0%| F|  |TAMS 0x00000000e7000000, 0x00000000e7000000| Untracked 
| 113|0x00000000e7100000, 0x00000000e7100000, 0x00000000e7200000|  0%| F|  |TAMS 0x00000000e7100000, 0x00000000e7100000| Untracked 
| 114|0x00000000e7200000, 0x00000000e7300000, 0x00000000e7300000|100%| S|CS|TAMS 0x00000000e7200000, 0x00000000e7200000| Complete 
| 115|0x00000000e7300000, 0x00000000e7400000, 0x00000000e7400000|100%| S|CS|TAMS 0x00000000e7300000, 0x00000000e7300000| Complete 
| 116|0x00000000e7400000, 0x00000000e7400000, 0x00000000e7500000|  0%| F|  |TAMS 0x00000000e7400000, 0x00000000e7400000| Untracked 
| 117|0x00000000e7500000, 0x00000000e7500000, 0x00000000e7600000|  0%| F|  |TAMS 0x00000000e7500000, 0x00000000e7500000| Untracked 
| 118|0x00000000e7600000, 0x00000000e7600000, 0x00000000e7700000|  0%| F|  |TAMS 0x00000000e7600000, 0x00000000e7600000| Untracked 
| 119|0x00000000e7700000, 0x00000000e7700000, 0x00000000e7800000|  0%| F|  |TAMS 0x00000000e7700000, 0x00000000e7700000| Untracked 
| 120|0x00000000e7800000, 0x00000000e7800000, 0x00000000e7900000|  0%| F|  |TAMS 0x00000000e7800000, 0x00000000e7800000| Untracked 
| 121|0x00000000e7900000, 0x00000000e7900000, 0x00000000e7a00000|  0%| F|  |TAMS 0x00000000e7900000, 0x00000000e7900000| Untracked 
| 122|0x00000000e7a00000, 0x00000000e7a00000, 0x00000000e7b00000|  0%| F|  |TAMS 0x00000000e7a00000, 0x00000000e7a00000| Untracked 
| 123|0x00000000e7b00000, 0x00000000e7b00000, 0x00000000e7c00000|  0%| F|  |TAMS 0x00000000e7b00000, 0x00000000e7b00000| Untracked 
| 124|0x00000000e7c00000, 0x00000000e7c00000, 0x00000000e7d00000|  0%| F|  |TAMS 0x00000000e7c00000, 0x00000000e7c00000| Untracked 
| 125|0x00000000e7d00000, 0x00000000e7d00000, 0x00000000e7e00000|  0%| F|  |TAMS 0x00000000e7d00000, 0x00000000e7d00000| Untracked 
| 126|0x00000000e7e00000, 0x00000000e7e00000, 0x00000000e7f00000|  0%| F|  |TAMS 0x00000000e7e00000, 0x00000000e7e00000| Untracked 
| 127|0x00000000e7f00000, 0x00000000e7f00000, 0x00000000e8000000|  0%| F|  |TAMS 0x00000000e7f00000, 0x00000000e7f00000| Untracked 
| 128|0x00000000e8000000, 0x00000000e8000000, 0x00000000e8100000|  0%| F|  |TAMS 0x00000000e8000000, 0x00000000e8000000| Untracked 
| 129|0x00000000e8100000, 0x00000000e8100000, 0x00000000e8200000|  0%| F|  |TAMS 0x00000000e8100000, 0x00000000e8100000| Untracked 
| 130|0x00000000e8200000, 0x00000000e8200000, 0x00000000e8300000|  0%| F|  |TAMS 0x00000000e8200000, 0x00000000e8200000| Untracked 
| 131|0x00000000e8300000, 0x00000000e8300000, 0x00000000e8400000|  0%| F|  |TAMS 0x00000000e8300000, 0x00000000e8300000| Untracked 
| 132|0x00000000e8400000, 0x00000000e8400000, 0x00000000e8500000|  0%| F|  |TAMS 0x00000000e8400000, 0x00000000e8400000| Untracked 
| 133|0x00000000e8500000, 0x00000000e8500000, 0x00000000e8600000|  0%| F|  |TAMS 0x00000000e8500000, 0x00000000e8500000| Untracked 
| 134|0x00000000e8600000, 0x00000000e8600000, 0x00000000e8700000|  0%| F|  |TAMS 0x00000000e8600000, 0x00000000e8600000| Untracked 
| 135|0x00000000e8700000, 0x00000000e8700000, 0x00000000e8800000|  0%| F|  |TAMS 0x00000000e8700000, 0x00000000e8700000| Untracked 
| 136|0x00000000e8800000, 0x00000000e8800000, 0x00000000e8900000|  0%| F|  |TAMS 0x00000000e8800000, 0x00000000e8800000| Untracked 
| 137|0x00000000e8900000, 0x00000000e8900000, 0x00000000e8a00000|  0%| F|  |TAMS 0x00000000e8900000, 0x00000000e8900000| Untracked 
| 138|0x00000000e8a00000, 0x00000000e8a00000, 0x00000000e8b00000|  0%| F|  |TAMS 0x00000000e8a00000, 0x00000000e8a00000| Untracked 
| 139|0x00000000e8b00000, 0x00000000e8b00000, 0x00000000e8c00000|  0%| F|  |TAMS 0x00000000e8b00000, 0x00000000e8b00000| Untracked 
| 140|0x00000000e8c00000, 0x00000000e8c00000, 0x00000000e8d00000|  0%| F|  |TAMS 0x00000000e8c00000, 0x00000000e8c00000| Untracked 
| 141|0x00000000e8d00000, 0x00000000e8d00000, 0x00000000e8e00000|  0%| F|  |TAMS 0x00000000e8d00000, 0x00000000e8d00000| Untracked 
| 142|0x00000000e8e00000, 0x00000000e8e00000, 0x00000000e8f00000|  0%| F|  |TAMS 0x00000000e8e00000, 0x00000000e8e00000| Untracked 
| 143|0x00000000e8f00000, 0x00000000e8f00000, 0x00000000e9000000|  0%| F|  |TAMS 0x00000000e8f00000, 0x00000000e8f00000| Untracked 
| 144|0x00000000e9000000, 0x00000000e9000000, 0x00000000e9100000|  0%| F|  |TAMS 0x00000000e9000000, 0x00000000e9000000| Untracked 
| 145|0x00000000e9100000, 0x00000000e9100000, 0x00000000e9200000|  0%| F|  |TAMS 0x00000000e9100000, 0x00000000e9100000| Untracked 
| 146|0x00000000e9200000, 0x00000000e9200000, 0x00000000e9300000|  0%| F|  |TAMS 0x00000000e9200000, 0x00000000e9200000| Untracked 
| 147|0x00000000e9300000, 0x00000000e9300000, 0x00000000e9400000|  0%| F|  |TAMS 0x00000000e9300000, 0x00000000e9300000| Untracked 
| 148|0x00000000e9400000, 0x00000000e9400000, 0x00000000e9500000|  0%| F|  |TAMS 0x00000000e9400000, 0x00000000e9400000| Untracked 
| 149|0x00000000e9500000, 0x00000000e9500000, 0x00000000e9600000|  0%| F|  |TAMS 0x00000000e9500000, 0x00000000e9500000| Untracked 
| 150|0x00000000e9600000, 0x00000000e9600000, 0x00000000e9700000|  0%| F|  |TAMS 0x00000000e9600000, 0x00000000e9600000| Untracked 
| 151|0x00000000e9700000, 0x00000000e9700000, 0x00000000e9800000|  0%| F|  |TAMS 0x00000000e9700000, 0x00000000e9700000| Untracked 
| 152|0x00000000e9800000, 0x00000000e9800000, 0x00000000e9900000|  0%| F|  |TAMS 0x00000000e9800000, 0x00000000e9800000| Untracked 
| 153|0x00000000e9900000, 0x00000000e9900000, 0x00000000e9a00000|  0%| F|  |TAMS 0x00000000e9900000, 0x00000000e9900000| Untracked 
| 154|0x00000000e9a00000, 0x00000000e9a00000, 0x00000000e9b00000|  0%| F|  |TAMS 0x00000000e9a00000, 0x00000000e9a00000| Untracked 
| 155|0x00000000e9b00000, 0x00000000e9b00000, 0x00000000e9c00000|  0%| F|  |TAMS 0x00000000e9b00000, 0x00000000e9b00000| Untracked 
| 156|0x00000000e9c00000, 0x00000000e9c00000, 0x00000000e9d00000|  0%| F|  |TAMS 0x00000000e9c00000, 0x00000000e9c00000| Untracked 
| 157|0x00000000e9d00000, 0x00000000e9d00000, 0x00000000e9e00000|  0%| F|  |TAMS 0x00000000e9d00000, 0x00000000e9d00000| Untracked 
| 158|0x00000000e9e00000, 0x00000000e9e00000, 0x00000000e9f00000|  0%| F|  |TAMS 0x00000000e9e00000, 0x00000000e9e00000| Untracked 
| 159|0x00000000e9f00000, 0x00000000e9f00000, 0x00000000ea000000|  0%| F|  |TAMS 0x00000000e9f00000, 0x00000000e9f00000| Untracked 
| 160|0x00000000ea000000, 0x00000000ea000000, 0x00000000ea100000|  0%| F|  |TAMS 0x00000000ea000000, 0x00000000ea000000| Untracked 
| 161|0x00000000ea100000, 0x00000000ea100000, 0x00000000ea200000|  0%| F|  |TAMS 0x00000000ea100000, 0x00000000ea100000| Untracked 
| 162|0x00000000ea200000, 0x00000000ea200000, 0x00000000ea300000|  0%| F|  |TAMS 0x00000000ea200000, 0x00000000ea200000| Untracked 
| 163|0x00000000ea300000, 0x00000000ea300000, 0x00000000ea400000|  0%| F|  |TAMS 0x00000000ea300000, 0x00000000ea300000| Untracked 
| 164|0x00000000ea400000, 0x00000000ea400000, 0x00000000ea500000|  0%| F|  |TAMS 0x00000000ea400000, 0x00000000ea400000| Untracked 
| 165|0x00000000ea500000, 0x00000000ea500000, 0x00000000ea600000|  0%| F|  |TAMS 0x00000000ea500000, 0x00000000ea500000| Untracked 
| 166|0x00000000ea600000, 0x00000000ea600000, 0x00000000ea700000|  0%| F|  |TAMS 0x00000000ea600000, 0x00000000ea600000| Untracked 
| 167|0x00000000ea700000, 0x00000000ea7d6b78, 0x00000000ea800000| 83%| E|  |TAMS 0x00000000ea700000, 0x00000000ea700000| Complete 
| 168|0x00000000ea800000, 0x00000000ea900000, 0x00000000ea900000|100%| E|CS|TAMS 0x00000000ea800000, 0x00000000ea800000| Complete 
| 169|0x00000000ea900000, 0x00000000eaa00000, 0x00000000eaa00000|100%| E|CS|TAMS 0x00000000ea900000, 0x00000000ea900000| Complete 
| 170|0x00000000eaa00000, 0x00000000eab00000, 0x00000000eab00000|100%| E|CS|TAMS 0x00000000eaa00000, 0x00000000eaa00000| Complete 
| 171|0x00000000eab00000, 0x00000000eac00000, 0x00000000eac00000|100%| E|CS|TAMS 0x00000000eab00000, 0x00000000eab00000| Complete 
| 172|0x00000000eac00000, 0x00000000ead00000, 0x00000000ead00000|100%| E|CS|TAMS 0x00000000eac00000, 0x00000000eac00000| Complete 
| 173|0x00000000ead00000, 0x00000000eae00000, 0x00000000eae00000|100%| E|CS|TAMS 0x00000000ead00000, 0x00000000ead00000| Complete 
| 174|0x00000000eae00000, 0x00000000eaf00000, 0x00000000eaf00000|100%| E|CS|TAMS 0x00000000eae00000, 0x00000000eae00000| Complete 
| 175|0x00000000eaf00000, 0x00000000eb000000, 0x00000000eb000000|100%| E|CS|TAMS 0x00000000eaf00000, 0x00000000eaf00000| Complete 
| 176|0x00000000eb000000, 0x00000000eb100000, 0x00000000eb100000|100%| E|CS|TAMS 0x00000000eb000000, 0x00000000eb000000| Complete 
| 177|0x00000000eb100000, 0x00000000eb200000, 0x00000000eb200000|100%| E|CS|TAMS 0x00000000eb100000, 0x00000000eb100000| Complete 
| 178|0x00000000eb200000, 0x00000000eb300000, 0x00000000eb300000|100%| E|CS|TAMS 0x00000000eb200000, 0x00000000eb200000| Complete 
| 179|0x00000000eb300000, 0x00000000eb400000, 0x00000000eb400000|100%| E|CS|TAMS 0x00000000eb300000, 0x00000000eb300000| Complete 
| 180|0x00000000eb400000, 0x00000000eb500000, 0x00000000eb500000|100%| E|CS|TAMS 0x00000000eb400000, 0x00000000eb400000| Complete 
| 181|0x00000000eb500000, 0x00000000eb600000, 0x00000000eb600000|100%| E|CS|TAMS 0x00000000eb500000, 0x00000000eb500000| Complete 
| 182|0x00000000eb600000, 0x00000000eb700000, 0x00000000eb700000|100%| E|CS|TAMS 0x00000000eb600000, 0x00000000eb600000| Complete 
| 183|0x00000000eb700000, 0x00000000eb800000, 0x00000000eb800000|100%| E|CS|TAMS 0x00000000eb700000, 0x00000000eb700000| Complete 
| 184|0x00000000eb800000, 0x00000000eb900000, 0x00000000eb900000|100%| E|CS|TAMS 0x00000000eb800000, 0x00000000eb800000| Complete 
| 185|0x00000000eb900000, 0x00000000eba00000, 0x00000000eba00000|100%| E|CS|TAMS 0x00000000eb900000, 0x00000000eb900000| Complete 
| 186|0x00000000eba00000, 0x00000000ebb00000, 0x00000000ebb00000|100%| E|CS|TAMS 0x00000000eba00000, 0x00000000eba00000| Complete 
| 187|0x00000000ebb00000, 0x00000000ebc00000, 0x00000000ebc00000|100%| E|CS|TAMS 0x00000000ebb00000, 0x00000000ebb00000| Complete 
| 188|0x00000000ebc00000, 0x00000000ebd00000, 0x00000000ebd00000|100%| E|CS|TAMS 0x00000000ebc00000, 0x00000000ebc00000| Complete 
| 189|0x00000000ebd00000, 0x00000000ebe00000, 0x00000000ebe00000|100%| E|CS|TAMS 0x00000000ebd00000, 0x00000000ebd00000| Complete 
| 190|0x00000000ebe00000, 0x00000000ebf00000, 0x00000000ebf00000|100%| E|CS|TAMS 0x00000000ebe00000, 0x00000000ebe00000| Complete 
| 191|0x00000000ebf00000, 0x00000000ec000000, 0x00000000ec000000|100%| E|CS|TAMS 0x00000000ebf00000, 0x00000000ebf00000| Complete 
| 192|0x00000000ec000000, 0x00000000ec100000, 0x00000000ec100000|100%| E|CS|TAMS 0x00000000ec000000, 0x00000000ec000000| Complete 
| 193|0x00000000ec100000, 0x00000000ec200000, 0x00000000ec200000|100%| E|CS|TAMS 0x00000000ec100000, 0x00000000ec100000| Complete 
| 194|0x00000000ec200000, 0x00000000ec300000, 0x00000000ec300000|100%| E|CS|TAMS 0x00000000ec200000, 0x00000000ec200000| Complete 
| 195|0x00000000ec300000, 0x00000000ec400000, 0x00000000ec400000|100%| E|CS|TAMS 0x00000000ec300000, 0x00000000ec300000| Complete 
| 196|0x00000000ec400000, 0x00000000ec500000, 0x00000000ec500000|100%| E|CS|TAMS 0x00000000ec400000, 0x00000000ec400000| Complete 
| 197|0x00000000ec500000, 0x00000000ec600000, 0x00000000ec600000|100%| E|CS|TAMS 0x00000000ec500000, 0x00000000ec500000| Complete 
| 198|0x00000000ec600000, 0x00000000ec700000, 0x00000000ec700000|100%| E|CS|TAMS 0x00000000ec600000, 0x00000000ec600000| Complete 
| 199|0x00000000ec700000, 0x00000000ec800000, 0x00000000ec800000|100%| E|CS|TAMS 0x00000000ec700000, 0x00000000ec700000| Complete 
| 200|0x00000000ec800000, 0x00000000ec900000, 0x00000000ec900000|100%| E|CS|TAMS 0x00000000ec800000, 0x00000000ec800000| Complete 
| 201|0x00000000ec900000, 0x00000000eca00000, 0x00000000eca00000|100%| E|CS|TAMS 0x00000000ec900000, 0x00000000ec900000| Complete 
| 202|0x00000000eca00000, 0x00000000ecb00000, 0x00000000ecb00000|100%| E|CS|TAMS 0x00000000eca00000, 0x00000000eca00000| Complete 
| 203|0x00000000ecb00000, 0x00000000ecc00000, 0x00000000ecc00000|100%| E|CS|TAMS 0x00000000ecb00000, 0x00000000ecb00000| Complete 
| 204|0x00000000ecc00000, 0x00000000ecd00000, 0x00000000ecd00000|100%| E|CS|TAMS 0x00000000ecc00000, 0x00000000ecc00000| Complete 
| 205|0x00000000ecd00000, 0x00000000ece00000, 0x00000000ece00000|100%| E|CS|TAMS 0x00000000ecd00000, 0x00000000ecd00000| Complete 
| 206|0x00000000ece00000, 0x00000000ecf00000, 0x00000000ecf00000|100%| E|CS|TAMS 0x00000000ece00000, 0x00000000ece00000| Complete 
| 207|0x00000000ecf00000, 0x00000000ed000000, 0x00000000ed000000|100%| E|CS|TAMS 0x00000000ecf00000, 0x00000000ecf00000| Complete 
| 208|0x00000000ed000000, 0x00000000ed100000, 0x00000000ed100000|100%| E|CS|TAMS 0x00000000ed000000, 0x00000000ed000000| Complete 
| 209|0x00000000ed100000, 0x00000000ed200000, 0x00000000ed200000|100%| E|CS|TAMS 0x00000000ed100000, 0x00000000ed100000| Complete 
| 210|0x00000000ed200000, 0x00000000ed300000, 0x00000000ed300000|100%| E|CS|TAMS 0x00000000ed200000, 0x00000000ed200000| Complete 
| 211|0x00000000ed300000, 0x00000000ed400000, 0x00000000ed400000|100%| E|CS|TAMS 0x00000000ed300000, 0x00000000ed300000| Complete 
| 212|0x00000000ed400000, 0x00000000ed500000, 0x00000000ed500000|100%| E|CS|TAMS 0x00000000ed400000, 0x00000000ed400000| Complete 
| 213|0x00000000ed500000, 0x00000000ed600000, 0x00000000ed600000|100%| E|CS|TAMS 0x00000000ed500000, 0x00000000ed500000| Complete 
| 214|0x00000000ed600000, 0x00000000ed700000, 0x00000000ed700000|100%| E|CS|TAMS 0x00000000ed600000, 0x00000000ed600000| Complete 
| 215|0x00000000ed700000, 0x00000000ed800000, 0x00000000ed800000|100%| E|CS|TAMS 0x00000000ed700000, 0x00000000ed700000| Complete 
| 216|0x00000000ed800000, 0x00000000ed900000, 0x00000000ed900000|100%| E|CS|TAMS 0x00000000ed800000, 0x00000000ed800000| Complete 
| 217|0x00000000ed900000, 0x00000000eda00000, 0x00000000eda00000|100%| E|CS|TAMS 0x00000000ed900000, 0x00000000ed900000| Complete 
| 218|0x00000000eda00000, 0x00000000edb00000, 0x00000000edb00000|100%| E|CS|TAMS 0x00000000eda00000, 0x00000000eda00000| Complete 
| 219|0x00000000edb00000, 0x00000000edc00000, 0x00000000edc00000|100%| E|CS|TAMS 0x00000000edb00000, 0x00000000edb00000| Complete 
| 220|0x00000000edc00000, 0x00000000edd00000, 0x00000000edd00000|100%| E|CS|TAMS 0x00000000edc00000, 0x00000000edc00000| Complete 
| 221|0x00000000edd00000, 0x00000000ede00000, 0x00000000ede00000|100%| E|CS|TAMS 0x00000000edd00000, 0x00000000edd00000| Complete 
| 222|0x00000000ede00000, 0x00000000edf00000, 0x00000000edf00000|100%| E|CS|TAMS 0x00000000ede00000, 0x00000000ede00000| Complete 
| 223|0x00000000edf00000, 0x00000000ee000000, 0x00000000ee000000|100%| E|CS|TAMS 0x00000000edf00000, 0x00000000edf00000| Complete 
| 224|0x00000000ee000000, 0x00000000ee100000, 0x00000000ee100000|100%| E|CS|TAMS 0x00000000ee000000, 0x00000000ee000000| Complete 
| 225|0x00000000ee100000, 0x00000000ee200000, 0x00000000ee200000|100%| E|CS|TAMS 0x00000000ee100000, 0x00000000ee100000| Complete 
| 226|0x00000000ee200000, 0x00000000ee300000, 0x00000000ee300000|100%| E|CS|TAMS 0x00000000ee200000, 0x00000000ee200000| Complete 
| 227|0x00000000ee300000, 0x00000000ee400000, 0x00000000ee400000|100%| E|CS|TAMS 0x00000000ee300000, 0x00000000ee300000| Complete 
| 228|0x00000000ee400000, 0x00000000ee500000, 0x00000000ee500000|100%| E|CS|TAMS 0x00000000ee400000, 0x00000000ee400000| Complete 
| 229|0x00000000ee500000, 0x00000000ee600000, 0x00000000ee600000|100%| E|CS|TAMS 0x00000000ee500000, 0x00000000ee500000| Complete 
| 230|0x00000000ee600000, 0x00000000ee700000, 0x00000000ee700000|100%| E|CS|TAMS 0x00000000ee600000, 0x00000000ee600000| Complete 
| 231|0x00000000ee700000, 0x00000000ee800000, 0x00000000ee800000|100%| E|CS|TAMS 0x00000000ee700000, 0x00000000ee700000| Complete 
| 232|0x00000000ee800000, 0x00000000ee900000, 0x00000000ee900000|100%| E|CS|TAMS 0x00000000ee800000, 0x00000000ee800000| Complete 
| 233|0x00000000ee900000, 0x00000000eea00000, 0x00000000eea00000|100%| E|CS|TAMS 0x00000000ee900000, 0x00000000ee900000| Complete 
| 234|0x00000000eea00000, 0x00000000eeb00000, 0x00000000eeb00000|100%| E|CS|TAMS 0x00000000eea00000, 0x00000000eea00000| Complete 
| 235|0x00000000eeb00000, 0x00000000eec00000, 0x00000000eec00000|100%| E|CS|TAMS 0x00000000eeb00000, 0x00000000eeb00000| Complete 
| 236|0x00000000eec00000, 0x00000000eed00000, 0x00000000eed00000|100%| E|CS|TAMS 0x00000000eec00000, 0x00000000eec00000| Complete 
| 237|0x00000000eed00000, 0x00000000eee00000, 0x00000000eee00000|100%| E|CS|TAMS 0x00000000eed00000, 0x00000000eed00000| Complete 
| 238|0x00000000eee00000, 0x00000000eef00000, 0x00000000eef00000|100%| E|CS|TAMS 0x00000000eee00000, 0x00000000eee00000| Complete 
| 239|0x00000000eef00000, 0x00000000ef000000, 0x00000000ef000000|100%| E|CS|TAMS 0x00000000eef00000, 0x00000000eef00000| Complete 
| 240|0x00000000ef000000, 0x00000000ef100000, 0x00000000ef100000|100%| E|CS|TAMS 0x00000000ef000000, 0x00000000ef000000| Complete 
| 241|0x00000000ef100000, 0x00000000ef200000, 0x00000000ef200000|100%| E|CS|TAMS 0x00000000ef100000, 0x00000000ef100000| Complete 
| 242|0x00000000ef200000, 0x00000000ef300000, 0x00000000ef300000|100%| E|CS|TAMS 0x00000000ef200000, 0x00000000ef200000| Complete 
| 243|0x00000000ef300000, 0x00000000ef400000, 0x00000000ef400000|100%| E|CS|TAMS 0x00000000ef300000, 0x00000000ef300000| Complete 
| 244|0x00000000ef400000, 0x00000000ef500000, 0x00000000ef500000|100%| E|CS|TAMS 0x00000000ef400000, 0x00000000ef400000| Complete 
| 245|0x00000000ef500000, 0x00000000ef600000, 0x00000000ef600000|100%| E|CS|TAMS 0x00000000ef500000, 0x00000000ef500000| Complete 
| 246|0x00000000ef600000, 0x00000000ef700000, 0x00000000ef700000|100%| E|CS|TAMS 0x00000000ef600000, 0x00000000ef600000| Complete 
| 247|0x00000000ef700000, 0x00000000ef800000, 0x00000000ef800000|100%| E|CS|TAMS 0x00000000ef700000, 0x00000000ef700000| Complete 

Card table byte_map: [0x00000271f95a0000,0x00000271f96a0000] _byte_map_base: 0x00000271f8ea0000

Marking Bits (Prev, Next): (CMBitMap*) 0x00000271e01fcb58, (CMBitMap*) 0x00000271e01fcb90
 Prev Bits: [0x00000271f97a0000, 0x00000271f9fa0000)
 Next Bits: [0x00000271f9fa0000, 0x00000271fa7a0000)

Polling page: 0x00000271dffe0000

Metaspace:

Usage:
  Non-class:     49.63 MB capacity,    48.81 MB ( 98%) used,   741.30 KB (  1%) free+waste,   101.88 KB ( <1%) overhead. 
      Class:      7.52 MB capacity,     7.06 MB ( 94%) used,   421.70 KB (  5%) free+waste,    46.69 KB ( <1%) overhead. 
       Both:     57.15 MB capacity,    55.86 MB ( 98%) used,     1.14 MB (  2%) free+waste,   148.56 KB ( <1%) overhead. 

Virtual space:
  Non-class space:       50.00 MB reserved,      49.75 MB (>99%) committed 
      Class space:      248.00 MB reserved,       7.57 MB (  3%) committed 
             Both:      298.00 MB reserved,      57.32 MB ( 19%) committed 

Chunk freelists:
   Non-Class:  384 bytes
       Class:  0 bytes
        Both:  384 bytes

CodeHeap 'non-profiled nmethods': size=120064Kb used=4789Kb max_used=4789Kb free=115274Kb
 bounds [0x00000271f1940000, 0x00000271f1df0000, 0x00000271f8e80000]
CodeHeap 'profiled nmethods': size=120000Kb used=17519Kb max_used=17519Kb free=102480Kb
 bounds [0x00000271ea410000, 0x00000271eb530000, 0x00000271f1940000]
CodeHeap 'non-nmethods': size=5696Kb used=2222Kb max_used=2276Kb free=3474Kb
 bounds [0x00000271e9e80000, 0x00000271ea0f0000, 0x00000271ea410000]
 total_blobs=8719 nmethods=7925 adapters=704
 compilation: enabled
              stopped_count=0, restarted_count=0
 full_count=0

Compilation events (10 events):
Event: 73.573 Thread 0x00000271fcdbc800 nmethod 7974 0x00000271eb529d10 code [0x00000271eb529ea0, 0x00000271eb529ff8]
Event: 73.573 Thread 0x00000271fcdbc800 7975   !   3       java.util.concurrent.LinkedBlockingDeque$AbstractItr::next (100 bytes)
Event: 73.574 Thread 0x00000271fcdbc800 nmethod 7975 0x00000271eb52a090 code [0x00000271eb52a340, 0x00000271eb52b158]
Event: 73.574 Thread 0x00000271fcdbc800 7976       3       java.util.concurrent.LinkedBlockingDeque$Itr::nextNode (5 bytes)
Event: 73.574 Thread 0x00000271fcdbc800 nmethod 7976 0x00000271eb52b690 code [0x00000271eb52b820, 0x00000271eb52b918]
Event: 73.576 Thread 0x00000271fcdbc800 7977       3       org.gradle.internal.serialize.InputStreamBackedDecoder::readString (8 bytes)
Event: 73.576 Thread 0x00000271fcdbc800 nmethod 7977 0x00000271eb52ba10 code [0x00000271eb52bbc0, 0x00000271eb52bd48]
Event: 74.133 Thread 0x00000271fcdb4800 7978       4       java.util.Collections$UnmodifiableCollection::contains (11 bytes)
Event: 74.134 Thread 0x00000271fcdb4800 nmethod 7978 0x00000271f1ded390 code [0x00000271f1ded520, 0x00000271f1ded5b8]
Event: 75.145 Thread 0x00000271fcdb4800 7979       4       javax.management.ObjectName::construct (1135 bytes)

GC Heap History (10 events):
Event: 6.678 GC heap before
{Heap before GC invocations=6 (full 0):
 garbage-first heap   total 253952K, used 47543K [0x00000000e0000000, 0x0000000100000000)
  region size 1024K, 35 young (35840K), 7 survivors (7168K)
 Metaspace       used 35183K, capacity 35775K, committed 35840K, reserved 286720K
  class space    used 4362K, capacity 4557K, committed 4608K, reserved 253952K
}
Event: 6.688 GC heap after
{Heap after GC invocations=7 (full 0):
 garbage-first heap   total 253952K, used 21368K [0x00000000e0000000, 0x0000000100000000)
  region size 1024K, 6 young (6144K), 6 survivors (6144K)
 Metaspace       used 35183K, capacity 35775K, committed 35840K, reserved 286720K
  class space    used 4362K, capacity 4557K, committed 4608K, reserved 253952K
}
Event: 8.410 GC heap before
{Heap before GC invocations=8 (full 0):
 garbage-first heap   total 253952K, used 94072K [0x00000000e0000000, 0x0000000100000000)
  region size 1024K, 78 young (79872K), 6 survivors (6144K)
 Metaspace       used 42233K, capacity 43009K, committed 43340K, reserved 292864K
  class space    used 5332K, capacity 5581K, committed 5708K, reserved 253952K
}
Event: 8.423 GC heap after
{Heap after GC invocations=9 (full 0):
 garbage-first heap   total 253952K, used 24491K [0x00000000e0000000, 0x0000000100000000)
  region size 1024K, 5 young (5120K), 5 survivors (5120K)
 Metaspace       used 42233K, capacity 43009K, committed 43340K, reserved 292864K
  class space    used 5332K, capacity 5581K, committed 5708K, reserved 253952K
}
Event: 9.814 GC heap before
{Heap before GC invocations=9 (full 0):
 garbage-first heap   total 253952K, used 124843K [0x00000000e0000000, 0x0000000100000000)
  region size 1024K, 104 young (106496K), 5 survivors (5120K)
 Metaspace       used 43001K, capacity 43783K, committed 44108K, reserved 292864K
  class space    used 5344K, capacity 5581K, committed 5708K, reserved 253952K
}
Event: 9.824 GC heap after
{Heap after GC invocations=10 (full 0):
 garbage-first heap   total 253952K, used 26203K [0x00000000e0000000, 0x0000000100000000)
  region size 1024K, 7 young (7168K), 7 survivors (7168K)
 Metaspace       used 43001K, capacity 43783K, committed 44108K, reserved 292864K
  class space    used 5344K, capacity 5581K, committed 5708K, reserved 253952K
}
Event: 12.324 GC heap before
{Heap before GC invocations=10 (full 0):
 garbage-first heap   total 253952K, used 158299K [0x00000000e0000000, 0x0000000100000000)
  region size 1024K, 134 young (137216K), 7 survivors (7168K)
 Metaspace       used 49583K, capacity 50581K, committed 50892K, reserved 299008K
  class space    used 6180K, capacity 6495K, committed 6604K, reserved 253952K
}
Event: 12.341 GC heap after
{Heap after GC invocations=11 (full 0):
 garbage-first heap   total 253952K, used 37801K [0x00000000e0000000, 0x0000000100000000)
  region size 1024K, 16 young (16384K), 16 survivors (16384K)
 Metaspace       used 49583K, capacity 50581K, committed 50892K, reserved 299008K
  class space    used 6180K, capacity 6495K, committed 6604K, reserved 253952K
}
Event: 14.232 GC heap before
{Heap before GC invocations=11 (full 0):
 garbage-first heap   total 253952K, used 171945K [0x00000000e0000000, 0x0000000100000000)
  region size 1024K, 148 young (151552K), 16 survivors (16384K)
 Metaspace       used 55051K, capacity 56197K, committed 56524K, reserved 303104K
  class space    used 6959K, capacity 7282K, committed 7372K, reserved 253952K
}
Event: 14.264 GC heap after
{Heap after GC invocations=12 (full 0):
 garbage-first heap   total 253952K, used 45266K [0x00000000e0000000, 0x0000000100000000)
  region size 1024K, 9 young (9216K), 9 survivors (9216K)
 Metaspace       used 55051K, capacity 56197K, committed 56524K, reserved 303104K
  class space    used 6959K, capacity 7282K, committed 7372K, reserved 253952K
}

Deoptimization events (10 events):
Event: 16.715 Thread 0x00000271817b8800 Uncommon trap: reason=class_check action=maybe_recompile pc=0x00000271f1a5ef74 method=java.io.DataOutputStream.write(I)V @ 5 c2
Event: 16.715 Thread 0x00000271817b8800 Uncommon trap: reason=class_check action=maybe_recompile pc=0x00000271f1a5ef74 method=java.io.DataOutputStream.write(I)V @ 5 c2
Event: 16.715 Thread 0x00000271817b8800 Uncommon trap: reason=class_check action=maybe_recompile pc=0x00000271f1a5ef74 method=java.io.DataOutputStream.write(I)V @ 5 c2
Event: 16.716 Thread 0x00000271817b8800 Uncommon trap: reason=class_check action=maybe_recompile pc=0x00000271f1c06e94 method=java.io.ObjectOutputStream$BlockDataOutputStream.drain()V @ 36 c2
Event: 16.719 Thread 0x00000271817b8800 Uncommon trap: reason=class_check action=maybe_recompile pc=0x00000271f1d5e9ac method=java.io.ObjectOutputStream$BlockDataOutputStream.drain()V @ 36 c2
Event: 16.723 Thread 0x00000271817b8800 Uncommon trap: reason=class_check action=maybe_recompile pc=0x00000271f1d5e9ac method=java.io.ObjectOutputStream$BlockDataOutputStream.drain()V @ 36 c2
Event: 16.724 Thread 0x00000271817b8800 Uncommon trap: reason=class_check action=maybe_recompile pc=0x00000271f1d5e9ac method=java.io.ObjectOutputStream$BlockDataOutputStream.drain()V @ 36 c2
Event: 16.726 Thread 0x00000271817b8800 Uncommon trap: reason=class_check action=maybe_recompile pc=0x00000271f1d76c10 method=java.io.ObjectOutputStream$BlockDataOutputStream.drain()V @ 36 c2
Event: 16.727 Thread 0x00000271817b8800 Uncommon trap: reason=class_check action=maybe_recompile pc=0x00000271f1c06e94 method=java.io.ObjectOutputStream$BlockDataOutputStream.drain()V @ 36 c2
Event: 16.728 Thread 0x00000271817b8800 Uncommon trap: reason=class_check action=maybe_recompile pc=0x00000271f1d3f710 method=java.io.ObjectOutputStream$BlockDataOutputStream.drain()V @ 36 c2

Classes redefined (0 events):
No events

Internal exceptions (10 events):
Event: 21.135 Thread 0x00000271817be000 Exception <a 'java/security/PrivilegedActionException'{0x00000000eaaba818}> (0x00000000eaaba818) thrown at [./open/src/hotspot/share/prims/jvm.cpp, line 1305]
Event: 21.136 Thread 0x00000271817be000 Exception <a 'java/security/PrivilegedActionException'{0x00000000eaabb830}> (0x00000000eaabb830) thrown at [./open/src/hotspot/share/prims/jvm.cpp, line 1305]
Event: 21.136 Thread 0x00000271817be000 Exception <a 'java/lang/ClassNotFoundException'{0x00000000eaac0c88}: groovy/xml/MarkupBuilderHelperBeanInfo> (0x00000000eaac0c88) thrown at [./open/src/hotspot/share/classfile/systemDictionary.cpp, line 228]
Event: 21.136 Thread 0x00000271817be000 Exception <a 'java/security/PrivilegedActionException'{0x00000000eaac6f90}> (0x00000000eaac6f90) thrown at [./open/src/hotspot/share/prims/jvm.cpp, line 1305]
Event: 21.136 Thread 0x00000271817be000 Exception <a 'java/security/PrivilegedActionException'{0x00000000eaac7d00}> (0x00000000eaac7d00) thrown at [./open/src/hotspot/share/prims/jvm.cpp, line 1305]
Event: 21.136 Thread 0x00000271817be000 Exception <a 'java/security/PrivilegedActionException'{0x00000000eaad00a8}> (0x00000000eaad00a8) thrown at [./open/src/hotspot/share/prims/jvm.cpp, line 1305]
Event: 21.136 Thread 0x00000271817be000 Exception <a 'java/security/PrivilegedActionException'{0x00000000eaad10c0}> (0x00000000eaad10c0) thrown at [./open/src/hotspot/share/prims/jvm.cpp, line 1305]
Event: 21.136 Thread 0x00000271817be000 Exception <a 'java/security/PrivilegedActionException'{0x00000000eaad8628}> (0x00000000eaad8628) thrown at [./open/src/hotspot/share/prims/jvm.cpp, line 1305]
Event: 21.137 Thread 0x00000271817be000 Exception <a 'java/security/PrivilegedActionException'{0x00000000eaad9640}> (0x00000000eaad9640) thrown at [./open/src/hotspot/share/prims/jvm.cpp, line 1305]
Event: 21.137 Thread 0x00000271817be000 Exception <a 'java/lang/ClassNotFoundException'{0x00000000eaadecf8}: groovy/xml/MarkupBuilderHelperCustomizer> (0x00000000eaadecf8) thrown at [./open/src/hotspot/share/classfile/systemDictionary.cpp, line 228]

Events (10 events):
Event: 21.139 loading class org/gradle/api/internal/tasks/testing/junit/result/TestClassResult
Event: 21.139 loading class org/gradle/api/internal/tasks/testing/junit/result/TestClassResult done
Event: 21.140 loading class org/gradle/api/internal/tasks/testing/junit/result/TestOutputStore$TestCaseRegion
Event: 21.140 loading class org/gradle/api/internal/tasks/testing/junit/result/TestOutputStore$TestCaseRegion done
Event: 21.142 loading class org/gradle/api/internal/tasks/testing/junit/result/TestOutputStore$Region
Event: 21.142 loading class org/gradle/api/internal/tasks/testing/junit/result/TestOutputStore$Region done
Event: 21.299 Thread 0x0000027184881800 Thread added: 0x0000027184881800
Event: 21.543 loading class org/gradle/api/internal/tasks/testing/junit/result/TestMethodResult
Event: 21.543 loading class org/gradle/api/internal/tasks/testing/junit/result/TestMethodResult done
Event: 22.653 Thread 0x0000027184881800 Thread exited: 0x0000027184881800


Dynamic libraries:
0x00007ff6ecad0000 - 0x00007ff6ecadf000 	C:\Program Files\Java\jdk-11.0.10\bin\java.exe
0x00007ffa64750000 - 0x00007ffa64946000 	C:\Windows\SYSTEM32\ntdll.dll
0x00007ffa627b0000 - 0x00007ffa6286d000 	C:\Windows\System32\KERNEL32.DLL
0x00007ffa620c0000 - 0x00007ffa62389000 	C:\Windows\System32\KERNELBASE.dll
0x00007ffa61f60000 - 0x00007ffa62060000 	C:\Windows\System32\ucrtbase.dll
0x00007ffa4f860000 - 0x00007ffa4f875000 	C:\Program Files\Java\jdk-11.0.10\bin\VCRUNTIME140.dll
0x00007ffa4f880000 - 0x00007ffa4f898000 	C:\Program Files\Java\jdk-11.0.10\bin\jli.dll
0x00007ffa62bb0000 - 0x00007ffa62c5c000 	C:\Windows\System32\ADVAPI32.dll
0x00007ffa62980000 - 0x00007ffa62a1e000 	C:\Windows\System32\msvcrt.dll
0x00007ffa62c80000 - 0x00007ffa62d1c000 	C:\Windows\System32\sechost.dll
0x00007ffa63c60000 - 0x00007ffa63d8b000 	C:\Windows\System32\RPCRT4.dll
0x00007ffa643d0000 - 0x00007ffa64570000 	C:\Windows\System32\USER32.dll
0x00007ffa4d950000 - 0x00007ffa4dbeb000 	C:\Windows\WinSxS\amd64_microsoft.windows.common-controls_6595b64144ccf1df_6.0.19041.746_none_ca02b4b61b8320a4\COMCTL32.dll
0x00007ffa62870000 - 0x00007ffa6289a000 	C:\Windows\System32\GDI32.dll
0x00007ffa62550000 - 0x00007ffa62572000 	C:\Windows\System32\win32u.dll
0x00007ffa62440000 - 0x00007ffa6254b000 	C:\Windows\System32\gdi32full.dll
0x00007ffa626e0000 - 0x00007ffa6277d000 	C:\Windows\System32\msvcp_win.dll
0x00007ffa5b540000 - 0x00007ffa5b54a000 	C:\Windows\SYSTEM32\VERSION.dll
0x00007ffa62ed0000 - 0x00007ffa62f00000 	C:\Windows\System32\IMM32.DLL
0x00007ffa264a0000 - 0x00007ffa2653b000 	C:\Program Files\Java\jdk-11.0.10\bin\msvcp140.dll
0x00007ff9e4480000 - 0x00007ff9e4f7b000 	C:\Program Files\Java\jdk-11.0.10\bin\server\jvm.dll
0x00007ffa63260000 - 0x00007ffa63268000 	C:\Windows\System32\PSAPI.DLL
0x00007ffa501d0000 - 0x00007ffa501f7000 	C:\Windows\SYSTEM32\WINMM.dll
0x00007ffa4a1b0000 - 0x00007ffa4a1b9000 	C:\Windows\SYSTEM32\WSOCK32.dll
0x00007ffa64570000 - 0x00007ffa645db000 	C:\Windows\System32\WS2_32.dll
0x00007ffa606c0000 - 0x00007ffa606d2000 	C:\Windows\SYSTEM32\kernel.appcore.dll
0x00007ffa5afd0000 - 0x00007ffa5afe0000 	C:\Program Files\Java\jdk-11.0.10\bin\verify.dll
0x00007ffa5ec10000 - 0x00007ffa5edf4000 	C:\Windows\SYSTEM32\DBGHELP.DLL
0x00007ffa46a30000 - 0x00007ffa46a5c000 	C:\Windows\SYSTEM32\dbgcore.DLL
0x00007ffa61e90000 - 0x00007ffa61f10000 	C:\Windows\System32\bcryptPrimitives.dll
0x00007ffa39e40000 - 0x00007ffa39e68000 	C:\Program Files\Java\jdk-11.0.10\bin\java.dll
0x00007ffa5ac80000 - 0x00007ffa5ac8a000 	C:\Program Files\Java\jdk-11.0.10\bin\jimage.dll
0x00007ffa4ba00000 - 0x00007ffa4ba16000 	C:\Program Files\Java\jdk-11.0.10\bin\zip.dll
0x00007ffa63360000 - 0x00007ffa63aa3000 	C:\Windows\System32\SHELL32.dll
0x00007ffa5fa80000 - 0x00007ffa6020f000 	C:\Windows\SYSTEM32\windows.storage.dll
0x00007ffa62f00000 - 0x00007ffa63256000 	C:\Windows\System32\combase.dll
0x00007ffa618f0000 - 0x00007ffa6191c000 	C:\Windows\SYSTEM32\Wldp.dll
0x00007ffa63df0000 - 0x00007ffa63e9e000 	C:\Windows\System32\SHCORE.dll
0x00007ffa62a80000 - 0x00007ffa62ad5000 	C:\Windows\System32\shlwapi.dll
0x00007ffa61dc0000 - 0x00007ffa61de6000 	C:\Windows\SYSTEM32\profapi.dll
0x00007ffa3f8b0000 - 0x00007ffa3f8c9000 	C:\Program Files\Java\jdk-11.0.10\bin\net.dll
0x00007ffa60f30000 - 0x00007ffa61030000 	C:\Windows\SYSTEM32\WINHTTP.dll
0x00007ffa61670000 - 0x00007ffa616da000 	C:\Windows\system32\mswsock.dll
0x00007ffa398f0000 - 0x00007ffa39902000 	C:\Program Files\Java\jdk-11.0.10\bin\nio.dll
0x00007ffa390c0000 - 0x00007ffa390e6000 	C:\Users\mospinac\.gradle\native\28\windows-amd64\native-platform.dll
0x00007ffa4b8f0000 - 0x00007ffa4b8f9000 	C:\Program Files\Java\jdk-11.0.10\bin\management.dll
0x00007ffa4b8c0000 - 0x00007ffa4b8cb000 	C:\Program Files\Java\jdk-11.0.10\bin\management_ext.dll
0x00007ffa61850000 - 0x00007ffa61868000 	C:\Windows\SYSTEM32\CRYPTSP.dll
0x00007ffa60ea0000 - 0x00007ffa60ed4000 	C:\Windows\system32\rsaenh.dll
0x00007ffa62780000 - 0x00007ffa627a7000 	C:\Windows\System32\bcrypt.dll
0x00007ffa61d40000 - 0x00007ffa61d6e000 	C:\Windows\SYSTEM32\USERENV.dll
0x00007ffa61840000 - 0x00007ffa6184c000 	C:\Windows\SYSTEM32\CRYPTBASE.dll
0x00007ffa61310000 - 0x00007ffa6134b000 	C:\Windows\SYSTEM32\IPHLPAPI.DLL
0x00007ffa643c0000 - 0x00007ffa643c8000 	C:\Windows\System32\NSI.dll
0x00007ffa5bc70000 - 0x00007ffa5bc87000 	C:\Windows\SYSTEM32\dhcpcsvc6.DLL
0x00007ffa5bbc0000 - 0x00007ffa5bbdd000 	C:\Windows\SYSTEM32\dhcpcsvc.DLL
0x00007ffa61350000 - 0x00007ffa6141b000 	C:\Windows\SYSTEM32\DNSAPI.dll

dbghelp: loaded successfully - version: 4.0.5 - missing functions: none
symbol engine: initialized successfully - sym options: 0x614 - pdb path: .;C:\Program Files\Java\jdk-11.0.10\bin;C:\Windows\SYSTEM32;C:\Windows\WinSxS\amd64_microsoft.windows.common-controls_6595b64144ccf1df_6.0.19041.746_none_ca02b4b61b8320a4;C:\Program Files\Java\jdk-11.0.10\bin\server;C:\Users\mospinac\.gradle\native\28\windows-amd64

VM Arguments:
jvm_args: --add-opens=java.base/java.util=ALL-UNNAMED --add-opens=java.base/java.lang=ALL-UNNAMED --add-opens=java.base/java.lang.invoke=ALL-UNNAMED --add-opens=java.prefs/java.util.prefs=ALL-UNNAMED -XX:MaxMetaspaceSize=256m -XX:+HeapDumpOnOutOfMemoryError -Xmx512m -Dfile.encoding=windows-1252 -Duser.country=CO -Duser.language=es -Duser.variant 
java_command: org.gradle.launcher.daemon.bootstrap.GradleDaemon 5.2.1
java_class_path (initial): C:\Users\mospinac\.gradle\wrapper\dists\gradle-5.2.1-all\bviwmvmbexq6idcscbicws5me\gradle-5.2.1\lib\gradle-launcher-5.2.1.jar
Launcher Type: SUN_STANDARD

[Global flags]
     intx CICompilerCount                          = 3                                         {product} {ergonomic}
   size_t CompressedClassSpaceSize                 = 260046848                                 {product} {ergonomic}
     uint ConcGCThreads                            = 1                                         {product} {ergonomic}
     uint G1ConcRefinementThreads                  = 4                                         {product} {ergonomic}
   size_t G1HeapRegionSize                         = 1048576                                   {product} {ergonomic}
    uintx GCDrainStackTargetSize                   = 64                                        {product} {ergonomic}
     bool HeapDumpOnOutOfMemoryError               = true                                   {manageable} {command line}
   size_t InitialHeapSize                          = 260046848                                 {product} {ergonomic}
   size_t MarkStackSize                            = 4194304                                   {product} {ergonomic}
   size_t MaxHeapSize                              = 536870912                                 {product} {command line}
   size_t MaxMetaspaceSize                         = 268435456                                 {product} {command line}
   size_t MaxNewSize                               = 321912832                                 {product} {ergonomic}
   size_t MinHeapDeltaBytes                        = 1048576                                   {product} {ergonomic}
    uintx NonNMethodCodeHeapSize                   = 5830732                                {pd product} {ergonomic}
    uintx NonProfiledCodeHeapSize                  = 122913754                              {pd product} {ergonomic}
    uintx ProfiledCodeHeapSize                     = 122913754                              {pd product} {ergonomic}
    uintx ReservedCodeCacheSize                    = 251658240                              {pd product} {ergonomic}
     bool SegmentedCodeCache                       = true                                      {product} {ergonomic}
     bool UseCompressedClassPointers               = true                                 {lp64_product} {ergonomic}
     bool UseCompressedOops                        = true                                 {lp64_product} {ergonomic}
     bool UseG1GC                                  = true                                      {product} {ergonomic}
     bool UseLargePagesIndividualAllocation        = false                                  {pd product} {ergonomic}

Logging:
Log output configuration:
 #0: stdout all=warning uptime,level,tags
 #1: stderr all=off uptime,level,tags

Environment Variables:
JAVA_HOME=C:\Program Files\Java\jdk-11.0.10
PATH=C:\Program Files\Common Files\Oracle\Java\javapath;C:\oraclexe\app\oracle\product\11.2.0\server\bin;C:\Program Files (x86)\Micro Focus\Extra!\;C:\ProgramData\Oracle\Java\javapath;C:\Windows\system32;C:\Windows;C:\Windows\System32\Wbem;C:\Windows\System32\WindowsPowerShell\v1.0\;C:\Windows\System32\OpenSSH\;C:\Program Files (x86)\Microsoft SQL Server\150\DTS\Binn\;C:\Program Files\Git\cmd;C:\Program Files\nodejs\;C:\Program Files\Java\jdk-11.0.10\bin;E:\gradle-7.3.3\bin;E:\apache-maven-3.5.3\bin;C:\Program Files\PuTTY\;C:\Program Files\Microsoft SQL Server\Client SDK\ODBC\170\Tools\Binn\;C:\Program Files (x86)\Microsoft SQL Server\150\Tools\Binn\;C:\Program Files\Microsoft SQL Server\150\Tools\Binn\;C:\Program Files\Microsoft SQL Server\150\DTS\Binn\;C:\Program Files\Azure Data Studio\bin;E:\gradle-7.3.3\bin;C:\Users\mospinac\AppData\Local\Microsoft\WindowsApps;
USERNAME=mospinac
OS=Windows_NT
PROCESSOR_IDENTIFIER=Intel64 Family 6 Model 78 Stepping 3, GenuineIntel



---------------  S Y S T E M  ---------------

OS: Windows 10 , 64 bit Build 19041 (10.0.19041.662)

CPU:total 4 (initial active 4) (2 cores per cpu, 2 threads per core) family 6 model 78 stepping 3 microcode 0xdc, cmov, cx8, fxsr, mmx, sse, sse2, sse3, ssse3, sse4.1, sse4.2, popcnt, avx, avx2, aes, clmul, erms, 3dnowpref, lzcnt, ht, tsc, tscinvbit, bmi1, bmi2, adx, fma

Memory: 4k page, system-wide physical 15847M (3043M free)
TotalPageFile size 25383M (AvailPageFile size 4M)
current process WorkingSet (physical memory assigned to process): 365M, peak: 394M
current process commit charge ("private bytes"): 462M, peak: 491M

vm_info: Java HotSpot(TM) 64-Bit Server VM (11.0.10+8-LTS-162) for windows-amd64 JRE (11.0.10+8-LTS-162), built on Dec  8 2020 16:32:57 by "mach5one" with MS VC++ 15.9 (VS2017)

END.
